
*** Running vivado
    with args -log top_lab9.vds -m64 -product Vivado -mode batch -messageDb vivado.pb -notrace -source top_lab9.tcl


****** Vivado v2018.3 (64-bit)
  **** SW Build 2405991 on Thu Dec  6 23:38:27 MST 2018
  **** IP Build 2404404 on Fri Dec  7 01:43:56 MST 2018
    ** Copyright 1986-2018 Xilinx, Inc. All Rights Reserved.

source top_lab9.tcl -notrace
Command: synth_design -top top_lab9 -part xc7a35tcpg236-1
Starting synth_design
Attempting to get a license for feature 'Synthesis' and/or device 'xc7a35t'
INFO: [Common 17-349] Got license for feature 'Synthesis' and/or device 'xc7a35t'
INFO: Launching helper process for spawning children vivado processes
INFO: Helper process launched with PID 19468 
WARNING: [Synth 8-2507] parameter declaration becomes local in alu with formal parameter declaration list [C:/Users/tyler/Desktop/Baylor/Spring/Spring 2020/Digital Logic/Lab/Lab09/Lab09_project/Lab09_project.srcs/sources_1/new/alu.sv:11]
WARNING: [Synth 8-2507] parameter declaration becomes local in alu with formal parameter declaration list [C:/Users/tyler/Desktop/Baylor/Spring/Spring 2020/Digital Logic/Lab/Lab09/Lab09_project/Lab09_project.srcs/sources_1/new/alu.sv:12]
WARNING: [Synth 8-2507] parameter declaration becomes local in alu with formal parameter declaration list [C:/Users/tyler/Desktop/Baylor/Spring/Spring 2020/Digital Logic/Lab/Lab09/Lab09_project/Lab09_project.srcs/sources_1/new/alu.sv:13]
WARNING: [Synth 8-2507] parameter declaration becomes local in alu with formal parameter declaration list [C:/Users/tyler/Desktop/Baylor/Spring/Spring 2020/Digital Logic/Lab/Lab09/Lab09_project/Lab09_project.srcs/sources_1/new/alu.sv:14]
WARNING: [Synth 8-2507] parameter declaration becomes local in alu with formal parameter declaration list [C:/Users/tyler/Desktop/Baylor/Spring/Spring 2020/Digital Logic/Lab/Lab09/Lab09_project/Lab09_project.srcs/sources_1/new/alu.sv:15]
---------------------------------------------------------------------------------
Starting RTL Elaboration : Time (s): cpu = 00:00:02 ; elapsed = 00:00:03 . Memory (MB): peak = 397.848 ; gain = 112.387
---------------------------------------------------------------------------------
INFO: [Synth 8-6157] synthesizing module 'top_lab9' [C:/Users/tyler/Desktop/Baylor/Spring/Spring 2020/Digital Logic/Lab/Lab09/Lab09_project/Lab09_project.srcs/sources_1/new/top_lab9.sv:3]
INFO: [Synth 8-6157] synthesizing module 'register' [C:/Users/tyler/Desktop/Baylor/Spring/Spring 2020/Digital Logic/Lab/Lab09/Lab09_project/Lab09_project.srcs/sources_1/new/register.sv:3]
	Parameter N bound to: 8 - type: integer 
INFO: [Synth 8-6155] done synthesizing module 'register' (1#1) [C:/Users/tyler/Desktop/Baylor/Spring/Spring 2020/Digital Logic/Lab/Lab09/Lab09_project/Lab09_project.srcs/sources_1/new/register.sv:3]
INFO: [Synth 8-6157] synthesizing module 'alu' [C:/Users/tyler/Desktop/Baylor/Spring/Spring 2020/Digital Logic/Lab/Lab09/Lab09_project/Lab09_project.srcs/sources_1/new/alu.sv:3]
	Parameter N bound to: 8 - type: integer 
	Parameter ADD bound to: 0 - type: integer 
	Parameter SUB bound to: 1 - type: integer 
	Parameter AND bound to: 2 - type: integer 
	Parameter OR bound to: 3 - type: integer 
	Parameter XOR bound to: 4 - type: integer 
INFO: [Synth 8-6155] done synthesizing module 'alu' (2#1) [C:/Users/tyler/Desktop/Baylor/Spring/Spring 2020/Digital Logic/Lab/Lab09/Lab09_project/Lab09_project.srcs/sources_1/new/alu.sv:3]
INFO: [Synth 8-6155] done synthesizing module 'top_lab9' (3#1) [C:/Users/tyler/Desktop/Baylor/Spring/Spring 2020/Digital Logic/Lab/Lab09/Lab09_project/Lab09_project.srcs/sources_1/new/top_lab9.sv:3]
WARNING: [Synth 8-3331] design top_lab9 has unconnected port sw[15]
WARNING: [Synth 8-3331] design top_lab9 has unconnected port sw[14]
WARNING: [Synth 8-3331] design top_lab9 has unconnected port sw[13]
WARNING: [Synth 8-3331] design top_lab9 has unconnected port sw[12]
---------------------------------------------------------------------------------
Finished RTL Elaboration : Time (s): cpu = 00:00:03 ; elapsed = 00:00:03 . Memory (MB): peak = 430.578 ; gain = 145.117
---------------------------------------------------------------------------------

Report Check Netlist: 
+------+------------------+-------+---------+-------+------------------+
|      |Item              |Errors |Warnings |Status |Description       |
+------+------------------+-------+---------+-------+------------------+
|1     |multi_driven_nets |      0|        0|Passed |Multi driven nets |
+------+------------------+-------+---------+-------+------------------+
---------------------------------------------------------------------------------
Start Handling Custom Attributes
---------------------------------------------------------------------------------
---------------------------------------------------------------------------------
Finished Handling Custom Attributes : Time (s): cpu = 00:00:03 ; elapsed = 00:00:03 . Memory (MB): peak = 430.578 ; gain = 145.117
---------------------------------------------------------------------------------
---------------------------------------------------------------------------------
Finished RTL Optimization Phase 1 : Time (s): cpu = 00:00:03 ; elapsed = 00:00:03 . Memory (MB): peak = 430.578 ; gain = 145.117
---------------------------------------------------------------------------------
INFO: [Device 21-403] Loading part xc7a35tcpg236-1
INFO: [Project 1-570] Preparing netlist for logic optimization

Processing XDC Constraints
Initializing timing engine
Parsing XDC File [C:/Users/tyler/Documents/GitHub/DL202010_AVHT/Lab06/sseg.xdc]
WARNING: [Vivado 12-584] No ports matched 'seg[0]'. [C:/Users/tyler/Documents/GitHub/DL202010_AVHT/Lab06/sseg.xdc:2]
CRITICAL WARNING: [Common 17-55] 'set_property' expects at least one object. [C:/Users/tyler/Documents/GitHub/DL202010_AVHT/Lab06/sseg.xdc:2]
Resolution: If [get_<value>] was used to populate the object, check to make sure this command returns at least one valid object.
WARNING: [Vivado 12-584] No ports matched 'seg[0]'. [C:/Users/tyler/Documents/GitHub/DL202010_AVHT/Lab06/sseg.xdc:3]
CRITICAL WARNING: [Common 17-55] 'set_property' expects at least one object. [C:/Users/tyler/Documents/GitHub/DL202010_AVHT/Lab06/sseg.xdc:3]
Resolution: If [get_<value>] was used to populate the object, check to make sure this command returns at least one valid object.
WARNING: [Vivado 12-584] No ports matched 'seg[1]'. [C:/Users/tyler/Documents/GitHub/DL202010_AVHT/Lab06/sseg.xdc:4]
CRITICAL WARNING: [Common 17-55] 'set_property' expects at least one object. [C:/Users/tyler/Documents/GitHub/DL202010_AVHT/Lab06/sseg.xdc:4]
Resolution: If [get_<value>] was used to populate the object, check to make sure this command returns at least one valid object.
WARNING: [Vivado 12-584] No ports matched 'seg[1]'. [C:/Users/tyler/Documents/GitHub/DL202010_AVHT/Lab06/sseg.xdc:5]
CRITICAL WARNING: [Common 17-55] 'set_property' expects at least one object. [C:/Users/tyler/Documents/GitHub/DL202010_AVHT/Lab06/sseg.xdc:5]
Resolution: If [get_<value>] was used to populate the object, check to make sure this command returns at least one valid object.
WARNING: [Vivado 12-584] No ports matched 'seg[2]'. [C:/Users/tyler/Documents/GitHub/DL202010_AVHT/Lab06/sseg.xdc:6]
CRITICAL WARNING: [Common 17-55] 'set_property' expects at least one object. [C:/Users/tyler/Documents/GitHub/DL202010_AVHT/Lab06/sseg.xdc:6]
Resolution: If [get_<value>] was used to populate the object, check to make sure this command returns at least one valid object.
WARNING: [Vivado 12-584] No ports matched 'seg[2]'. [C:/Users/tyler/Documents/GitHub/DL202010_AVHT/Lab06/sseg.xdc:7]
CRITICAL WARNING: [Common 17-55] 'set_property' expects at least one object. [C:/Users/tyler/Documents/GitHub/DL202010_AVHT/Lab06/sseg.xdc:7]
Resolution: If [get_<value>] was used to populate the object, check to make sure this command returns at least one valid object.
WARNING: [Vivado 12-584] No ports matched 'seg[3]'. [C:/Users/tyler/Documents/GitHub/DL202010_AVHT/Lab06/sseg.xdc:8]
CRITICAL WARNING: [Common 17-55] 'set_property' expects at least one object. [C:/Users/tyler/Documents/GitHub/DL202010_AVHT/Lab06/sseg.xdc:8]
Resolution: If [get_<value>] was used to populate the object, check to make sure this command returns at least one valid object.
WARNING: [Vivado 12-584] No ports matched 'seg[3]'. [C:/Users/tyler/Documents/GitHub/DL202010_AVHT/Lab06/sseg.xdc:9]
CRITICAL WARNING: [Common 17-55] 'set_property' expects at least one object. [C:/Users/tyler/Documents/GitHub/DL202010_AVHT/Lab06/sseg.xdc:9]
Resolution: If [get_<value>] was used to populate the object, check to make sure this command returns at least one valid object.
WARNING: [Vivado 12-584] No ports matched 'seg[4]'. [C:/Users/tyler/Documents/GitHub/DL202010_AVHT/Lab06/sseg.xdc:10]
CRITICAL WARNING: [Common 17-55] 'set_property' expects at least one object. [C:/Users/tyler/Documents/GitHub/DL202010_AVHT/Lab06/sseg.xdc:10]
Resolution: If [get_<value>] was used to populate the object, check to make sure this command returns at least one valid object.
WARNING: [Vivado 12-584] No ports matched 'seg[4]'. [C:/Users/tyler/Documents/GitHub/DL202010_AVHT/Lab06/sseg.xdc:11]
CRITICAL WARNING: [Common 17-55] 'set_property' expects at least one object. [C:/Users/tyler/Documents/GitHub/DL202010_AVHT/Lab06/sseg.xdc:11]
Resolution: If [get_<value>] was used to populate the object, check to make sure this command returns at least one valid object.
WARNING: [Vivado 12-584] No ports matched 'seg[5]'. [C:/Users/tyler/Documents/GitHub/DL202010_AVHT/Lab06/sseg.xdc:12]
CRITICAL WARNING: [Common 17-55] 'set_property' expects at least one object. [C:/Users/tyler/Documents/GitHub/DL202010_AVHT/Lab06/sseg.xdc:12]
Resolution: If [get_<value>] was used to populate the object, check to make sure this command returns at least one valid object.
WARNING: [Vivado 12-584] No ports matched 'seg[5]'. [C:/Users/tyler/Documents/GitHub/DL202010_AVHT/Lab06/sseg.xdc:13]
CRITICAL WARNING: [Common 17-55] 'set_property' expects at least one object. [C:/Users/tyler/Documents/GitHub/DL202010_AVHT/Lab06/sseg.xdc:13]
Resolution: If [get_<value>] was used to populate the object, check to make sure this command returns at least one valid object.
WARNING: [Vivado 12-584] No ports matched 'seg[6]'. [C:/Users/tyler/Documents/GitHub/DL202010_AVHT/Lab06/sseg.xdc:14]
CRITICAL WARNING: [Common 17-55] 'set_property' expects at least one object. [C:/Users/tyler/Documents/GitHub/DL202010_AVHT/Lab06/sseg.xdc:14]
Resolution: If [get_<value>] was used to populate the object, check to make sure this command returns at least one valid object.
WARNING: [Vivado 12-584] No ports matched 'seg[6]'. [C:/Users/tyler/Documents/GitHub/DL202010_AVHT/Lab06/sseg.xdc:15]
CRITICAL WARNING: [Common 17-55] 'set_property' expects at least one object. [C:/Users/tyler/Documents/GitHub/DL202010_AVHT/Lab06/sseg.xdc:15]
Resolution: If [get_<value>] was used to populate the object, check to make sure this command returns at least one valid object.
WARNING: [Vivado 12-584] No ports matched 'dp'. [C:/Users/tyler/Documents/GitHub/DL202010_AVHT/Lab06/sseg.xdc:17]
CRITICAL WARNING: [Common 17-55] 'set_property' expects at least one object. [C:/Users/tyler/Documents/GitHub/DL202010_AVHT/Lab06/sseg.xdc:17]
Resolution: If [get_<value>] was used to populate the object, check to make sure this command returns at least one valid object.
WARNING: [Vivado 12-584] No ports matched 'dp'. [C:/Users/tyler/Documents/GitHub/DL202010_AVHT/Lab06/sseg.xdc:18]
CRITICAL WARNING: [Common 17-55] 'set_property' expects at least one object. [C:/Users/tyler/Documents/GitHub/DL202010_AVHT/Lab06/sseg.xdc:18]
Resolution: If [get_<value>] was used to populate the object, check to make sure this command returns at least one valid object.
WARNING: [Vivado 12-584] No ports matched 'an[0]'. [C:/Users/tyler/Documents/GitHub/DL202010_AVHT/Lab06/sseg.xdc:20]
CRITICAL WARNING: [Common 17-55] 'set_property' expects at least one object. [C:/Users/tyler/Documents/GitHub/DL202010_AVHT/Lab06/sseg.xdc:20]
Resolution: If [get_<value>] was used to populate the object, check to make sure this command returns at least one valid object.
WARNING: [Vivado 12-584] No ports matched 'an[0]'. [C:/Users/tyler/Documents/GitHub/DL202010_AVHT/Lab06/sseg.xdc:21]
CRITICAL WARNING: [Common 17-55] 'set_property' expects at least one object. [C:/Users/tyler/Documents/GitHub/DL202010_AVHT/Lab06/sseg.xdc:21]
Resolution: If [get_<value>] was used to populate the object, check to make sure this command returns at least one valid object.
WARNING: [Vivado 12-584] No ports matched 'an[1]'. [C:/Users/tyler/Documents/GitHub/DL202010_AVHT/Lab06/sseg.xdc:22]
CRITICAL WARNING: [Common 17-55] 'set_property' expects at least one object. [C:/Users/tyler/Documents/GitHub/DL202010_AVHT/Lab06/sseg.xdc:22]
Resolution: If [get_<value>] was used to populate the object, check to make sure this command returns at least one valid object.
WARNING: [Vivado 12-584] No ports matched 'an[1]'. [C:/Users/tyler/Documents/GitHub/DL202010_AVHT/Lab06/sseg.xdc:23]
CRITICAL WARNING: [Common 17-55] 'set_property' expects at least one object. [C:/Users/tyler/Documents/GitHub/DL202010_AVHT/Lab06/sseg.xdc:23]
Resolution: If [get_<value>] was used to populate the object, check to make sure this command returns at least one valid object.
WARNING: [Vivado 12-584] No ports matched 'an[2]'. [C:/Users/tyler/Documents/GitHub/DL202010_AVHT/Lab06/sseg.xdc:24]
CRITICAL WARNING: [Common 17-55] 'set_property' expects at least one object. [C:/Users/tyler/Documents/GitHub/DL202010_AVHT/Lab06/sseg.xdc:24]
Resolution: If [get_<value>] was used to populate the object, check to make sure this command returns at least one valid object.
WARNING: [Vivado 12-584] No ports matched 'an[2]'. [C:/Users/tyler/Documents/GitHub/DL202010_AVHT/Lab06/sseg.xdc:25]
CRITICAL WARNING: [Common 17-55] 'set_property' expects at least one object. [C:/Users/tyler/Documents/GitHub/DL202010_AVHT/Lab06/sseg.xdc:25]
Resolution: If [get_<value>] was used to populate the object, check to make sure this command returns at least one valid object.
WARNING: [Vivado 12-584] No ports matched 'an[3]'. [C:/Users/tyler/Documents/GitHub/DL202010_AVHT/Lab06/sseg.xdc:26]
CRITICAL WARNING: [Common 17-55] 'set_property' expects at least one object. [C:/Users/tyler/Documents/GitHub/DL202010_AVHT/Lab06/sseg.xdc:26]
Resolution: If [get_<value>] was used to populate the object, check to make sure this command returns at least one valid object.
WARNING: [Vivado 12-584] No ports matched 'an[3]'. [C:/Users/tyler/Documents/GitHub/DL202010_AVHT/Lab06/sseg.xdc:27]
CRITICAL WARNING: [Common 17-55] 'set_property' expects at least one object. [C:/Users/tyler/Documents/GitHub/DL202010_AVHT/Lab06/sseg.xdc:27]
Resolution: If [get_<value>] was used to populate the object, check to make sure this command returns at least one valid object.
Finished Parsing XDC File [C:/Users/tyler/Documents/GitHub/DL202010_AVHT/Lab06/sseg.xdc]
Parsing XDC File [C:/Users/tyler/Documents/GitHub/DL202010_AVHT/Lab06/switches.xdc]
Finished Parsing XDC File [C:/Users/tyler/Documents/GitHub/DL202010_AVHT/Lab06/switches.xdc]
INFO: [Project 1-236] Implementation specific constraints were found while reading constraint file [C:/Users/tyler/Documents/GitHub/DL202010_AVHT/Lab06/switches.xdc]. These constraints will be ignored for synthesis but will be used in implementation. Impacted constraints are listed in the file [.Xil/top_lab9_propImpl.xdc].
Resolution: To avoid this warning, move constraints listed in [.Xil/top_lab9_propImpl.xdc] to another XDC file and exclude this new file from synthesis with the used_in_synthesis property (File Properties dialog in GUI) and re-run elaboration/synthesis.
Parsing XDC File [C:/Users/tyler/Desktop/Baylor/Spring/Spring 2020/Digital Logic/Lab/Lab09/btnC.xdc]
Finished Parsing XDC File [C:/Users/tyler/Desktop/Baylor/Spring/Spring 2020/Digital Logic/Lab/Lab09/btnC.xdc]
INFO: [Project 1-236] Implementation specific constraints were found while reading constraint file [C:/Users/tyler/Desktop/Baylor/Spring/Spring 2020/Digital Logic/Lab/Lab09/btnC.xdc]. These constraints will be ignored for synthesis but will be used in implementation. Impacted constraints are listed in the file [.Xil/top_lab9_propImpl.xdc].
Resolution: To avoid this warning, move constraints listed in [.Xil/top_lab9_propImpl.xdc] to another XDC file and exclude this new file from synthesis with the used_in_synthesis property (File Properties dialog in GUI) and re-run elaboration/synthesis.
Parsing XDC File [C:/Users/tyler/Desktop/Baylor/Spring/Spring 2020/Digital Logic/Lab/Lab09/btnD.xdc]
Finished Parsing XDC File [C:/Users/tyler/Desktop/Baylor/Spring/Spring 2020/Digital Logic/Lab/Lab09/btnD.xdc]
INFO: [Project 1-236] Implementation specific constraints were found while reading constraint file [C:/Users/tyler/Desktop/Baylor/Spring/Spring 2020/Digital Logic/Lab/Lab09/btnD.xdc]. These constraints will be ignored for synthesis but will be used in implementation. Impacted constraints are listed in the file [.Xil/top_lab9_propImpl.xdc].
Resolution: To avoid this warning, move constraints listed in [.Xil/top_lab9_propImpl.xdc] to another XDC file and exclude this new file from synthesis with the used_in_synthesis property (File Properties dialog in GUI) and re-run elaboration/synthesis.
Parsing XDC File [C:/Users/tyler/Desktop/Baylor/Spring/Spring 2020/Digital Logic/Lab/Lab09/btnU.xdc]
Finished Parsing XDC File [C:/Users/tyler/Desktop/Baylor/Spring/Spring 2020/Digital Logic/Lab/Lab09/btnU.xdc]
INFO: [Project 1-236] Implementation specific constraints were found while reading constraint file [C:/Users/tyler/Desktop/Baylor/Spring/Spring 2020/Digital Logic/Lab/Lab09/btnU.xdc]. These constraints will be ignored for synthesis but will be used in implementation. Impacted constraints are listed in the file [.Xil/top_lab9_propImpl.xdc].
Resolution: To avoid this warning, move constraints listed in [.Xil/top_lab9_propImpl.xdc] to another XDC file and exclude this new file from synthesis with the used_in_synthesis property (File Properties dialog in GUI) and re-run elaboration/synthesis.
Parsing XDC File [C:/Users/tyler/Desktop/Baylor/Spring/Spring 2020/Digital Logic/Lab/Lab09/clock.xdc]
Finished Parsing XDC File [C:/Users/tyler/Desktop/Baylor/Spring/Spring 2020/Digital Logic/Lab/Lab09/clock.xdc]
INFO: [Project 1-236] Implementation specific constraints were found while reading constraint file [C:/Users/tyler/Desktop/Baylor/Spring/Spring 2020/Digital Logic/Lab/Lab09/clock.xdc]. These constraints will be ignored for synthesis but will be used in implementation. Impacted constraints are listed in the file [.Xil/top_lab9_propImpl.xdc].
Resolution: To avoid this warning, move constraints listed in [.Xil/top_lab9_propImpl.xdc] to another XDC file and exclude this new file from synthesis with the used_in_synthesis property (File Properties dialog in GUI) and re-run elaboration/synthesis.
Parsing XDC File [C:/Users/tyler/Desktop/Baylor/Spring/Spring 2020/Digital Logic/Lab/Lab09/led.xdc]
WARNING: [Vivado 12-584] No ports matched 'led[0]'. [C:/Users/tyler/Desktop/Baylor/Spring/Spring 2020/Digital Logic/Lab/Lab09/led.xdc:2]
CRITICAL WARNING: [Common 17-55] 'set_property' expects at least one object. [C:/Users/tyler/Desktop/Baylor/Spring/Spring 2020/Digital Logic/Lab/Lab09/led.xdc:2]
Resolution: If [get_<value>] was used to populate the object, check to make sure this command returns at least one valid object.
WARNING: [Vivado 12-584] No ports matched 'led[0]'. [C:/Users/tyler/Desktop/Baylor/Spring/Spring 2020/Digital Logic/Lab/Lab09/led.xdc:3]
CRITICAL WARNING: [Common 17-55] 'set_property' expects at least one object. [C:/Users/tyler/Desktop/Baylor/Spring/Spring 2020/Digital Logic/Lab/Lab09/led.xdc:3]
Resolution: If [get_<value>] was used to populate the object, check to make sure this command returns at least one valid object.
WARNING: [Vivado 12-584] No ports matched 'led[1]'. [C:/Users/tyler/Desktop/Baylor/Spring/Spring 2020/Digital Logic/Lab/Lab09/led.xdc:4]
CRITICAL WARNING: [Common 17-55] 'set_property' expects at least one object. [C:/Users/tyler/Desktop/Baylor/Spring/Spring 2020/Digital Logic/Lab/Lab09/led.xdc:4]
Resolution: If [get_<value>] was used to populate the object, check to make sure this command returns at least one valid object.
WARNING: [Vivado 12-584] No ports matched 'led[1]'. [C:/Users/tyler/Desktop/Baylor/Spring/Spring 2020/Digital Logic/Lab/Lab09/led.xdc:5]
CRITICAL WARNING: [Common 17-55] 'set_property' expects at least one object. [C:/Users/tyler/Desktop/Baylor/Spring/Spring 2020/Digital Logic/Lab/Lab09/led.xdc:5]
Resolution: If [get_<value>] was used to populate the object, check to make sure this command returns at least one valid object.
WARNING: [Vivado 12-584] No ports matched 'led[2]'. [C:/Users/tyler/Desktop/Baylor/Spring/Spring 2020/Digital Logic/Lab/Lab09/led.xdc:6]
CRITICAL WARNING: [Common 17-55] 'set_property' expects at least one object. [C:/Users/tyler/Desktop/Baylor/Spring/Spring 2020/Digital Logic/Lab/Lab09/led.xdc:6]
Resolution: If [get_<value>] was used to populate the object, check to make sure this command returns at least one valid object.
WARNING: [Vivado 12-584] No ports matched 'led[2]'. [C:/Users/tyler/Desktop/Baylor/Spring/Spring 2020/Digital Logic/Lab/Lab09/led.xdc:7]
CRITICAL WARNING: [Common 17-55] 'set_property' expects at least one object. [C:/Users/tyler/Desktop/Baylor/Spring/Spring 2020/Digital Logic/Lab/Lab09/led.xdc:7]
Resolution: If [get_<value>] was used to populate the object, check to make sure this command returns at least one valid object.
WARNING: [Vivado 12-584] No ports matched 'led[3]'. [C:/Users/tyler/Desktop/Baylor/Spring/Spring 2020/Digital Logic/Lab/Lab09/led.xdc:8]
CRITICAL WARNING: [Common 17-55] 'set_property' expects at least one object. [C:/Users/tyler/Desktop/Baylor/Spring/Spring 2020/Digital Logic/Lab/Lab09/led.xdc:8]
Resolution: If [get_<value>] was used to populate the object, check to make sure this command returns at least one valid object.
WARNING: [Vivado 12-584] No ports matched 'led[3]'. [C:/Users/tyler/Desktop/Baylor/Spring/Spring 2020/Digital Logic/Lab/Lab09/led.xdc:9]
CRITICAL WARNING: [Common 17-55] 'set_property' expects at least one object. [C:/Users/tyler/Desktop/Baylor/Spring/Spring 2020/Digital Logic/Lab/Lab09/led.xdc:9]
Resolution: If [get_<value>] was used to populate the object, check to make sure this command returns at least one valid object.
WARNING: [Vivado 12-584] No ports matched 'led[4]'. [C:/Users/tyler/Desktop/Baylor/Spring/Spring 2020/Digital Logic/Lab/Lab09/led.xdc:10]
CRITICAL WARNING: [Common 17-55] 'set_property' expects at least one object. [C:/Users/tyler/Desktop/Baylor/Spring/Spring 2020/Digital Logic/Lab/Lab09/led.xdc:10]
Resolution: If [get_<value>] was used to populate the object, check to make sure this command returns at least one valid object.
WARNING: [Vivado 12-584] No ports matched 'led[4]'. [C:/Users/tyler/Desktop/Baylor/Spring/Spring 2020/Digital Logic/Lab/Lab09/led.xdc:11]
CRITICAL WARNING: [Common 17-55] 'set_property' expects at least one object. [C:/Users/tyler/Desktop/Baylor/Spring/Spring 2020/Digital Logic/Lab/Lab09/led.xdc:11]
Resolution: If [get_<value>] was used to populate the object, check to make sure this command returns at least one valid object.
WARNING: [Vivado 12-584] No ports matched 'led[5]'. [C:/Users/tyler/Desktop/Baylor/Spring/Spring 2020/Digital Logic/Lab/Lab09/led.xdc:12]
CRITICAL WARNING: [Common 17-55] 'set_property' expects at least one object. [C:/Users/tyler/Desktop/Baylor/Spring/Spring 2020/Digital Logic/Lab/Lab09/led.xdc:12]
Resolution: If [get_<value>] was used to populate the object, check to make sure this command returns at least one valid object.
WARNING: [Vivado 12-584] No ports matched 'led[5]'. [C:/Users/tyler/Desktop/Baylor/Spring/Spring 2020/Digital Logic/Lab/Lab09/led.xdc:13]
CRITICAL WARNING: [Common 17-55] 'set_property' expects at least one object. [C:/Users/tyler/Desktop/Baylor/Spring/Spring 2020/Digital Logic/Lab/Lab09/led.xdc:13]
Resolution: If [get_<value>] was used to populate the object, check to make sure this command returns at least one valid object.
WARNING: [Vivado 12-584] No ports matched 'led[6]'. [C:/Users/tyler/Desktop/Baylor/Spring/Spring 2020/Digital Logic/Lab/Lab09/led.xdc:14]
CRITICAL WARNING: [Common 17-55] 'set_property' expects at least one object. [C:/Users/tyler/Desktop/Baylor/Spring/Spring 2020/Digital Logic/Lab/Lab09/led.xdc:14]
Resolution: If [get_<value>] was used to populate the object, check to make sure this command returns at least one valid object.
WARNING: [Vivado 12-584] No ports matched 'led[6]'. [C:/Users/tyler/Desktop/Baylor/Spring/Spring 2020/Digital Logic/Lab/Lab09/led.xdc:15]
CRITICAL WARNING: [Common 17-55] 'set_property' expects at least one object. [C:/Users/tyler/Desktop/Baylor/Spring/Spring 2020/Digital Logic/Lab/Lab09/led.xdc:15]
Resolution: If [get_<value>] was used to populate the object, check to make sure this command returns at least one valid object.
WARNING: [Vivado 12-584] No ports matched 'led[7]'. [C:/Users/tyler/Desktop/Baylor/Spring/Spring 2020/Digital Logic/Lab/Lab09/led.xdc:16]
CRITICAL WARNING: [Common 17-55] 'set_property' expects at least one object. [C:/Users/tyler/Desktop/Baylor/Spring/Spring 2020/Digital Logic/Lab/Lab09/led.xdc:16]
Resolution: If [get_<value>] was used to populate the object, check to make sure this command returns at least one valid object.
WARNING: [Vivado 12-584] No ports matched 'led[7]'. [C:/Users/tyler/Desktop/Baylor/Spring/Spring 2020/Digital Logic/Lab/Lab09/led.xdc:17]
CRITICAL WARNING: [Common 17-55] 'set_property' expects at least one object. [C:/Users/tyler/Desktop/Baylor/Spring/Spring 2020/Digital Logic/Lab/Lab09/led.xdc:17]
Resolution: If [get_<value>] was used to populate the object, check to make sure this command returns at least one valid object.
WARNING: [Vivado 12-584] No ports matched 'led[8]'. [C:/Users/tyler/Desktop/Baylor/Spring/Spring 2020/Digital Logic/Lab/Lab09/led.xdc:18]
CRITICAL WARNING: [Common 17-55] 'set_property' expects at least one object. [C:/Users/tyler/Desktop/Baylor/Spring/Spring 2020/Digital Logic/Lab/Lab09/led.xdc:18]
Resolution: If [get_<value>] was used to populate the object, check to make sure this command returns at least one valid object.
WARNING: [Vivado 12-584] No ports matched 'led[8]'. [C:/Users/tyler/Desktop/Baylor/Spring/Spring 2020/Digital Logic/Lab/Lab09/led.xdc:19]
CRITICAL WARNING: [Common 17-55] 'set_property' expects at least one object. [C:/Users/tyler/Desktop/Baylor/Spring/Spring 2020/Digital Logic/Lab/Lab09/led.xdc:19]
Resolution: If [get_<value>] was used to populate the object, check to make sure this command returns at least one valid object.
WARNING: [Vivado 12-584] No ports matched 'led[9]'. [C:/Users/tyler/Desktop/Baylor/Spring/Spring 2020/Digital Logic/Lab/Lab09/led.xdc:20]
CRITICAL WARNING: [Common 17-55] 'set_property' expects at least one object. [C:/Users/tyler/Desktop/Baylor/Spring/Spring 2020/Digital Logic/Lab/Lab09/led.xdc:20]
Resolution: If [get_<value>] was used to populate the object, check to make sure this command returns at least one valid object.
WARNING: [Vivado 12-584] No ports matched 'led[9]'. [C:/Users/tyler/Desktop/Baylor/Spring/Spring 2020/Digital Logic/Lab/Lab09/led.xdc:21]
CRITICAL WARNING: [Common 17-55] 'set_property' expects at least one object. [C:/Users/tyler/Desktop/Baylor/Spring/Spring 2020/Digital Logic/Lab/Lab09/led.xdc:21]
Resolution: If [get_<value>] was used to populate the object, check to make sure this command returns at least one valid object.
WARNING: [Vivado 12-584] No ports matched 'led[10]'. [C:/Users/tyler/Desktop/Baylor/Spring/Spring 2020/Digital Logic/Lab/Lab09/led.xdc:22]
CRITICAL WARNING: [Common 17-55] 'set_property' expects at least one object. [C:/Users/tyler/Desktop/Baylor/Spring/Spring 2020/Digital Logic/Lab/Lab09/led.xdc:22]
Resolution: If [get_<value>] was used to populate the object, check to make sure this command returns at least one valid object.
WARNING: [Vivado 12-584] No ports matched 'led[10]'. [C:/Users/tyler/Desktop/Baylor/Spring/Spring 2020/Digital Logic/Lab/Lab09/led.xdc:23]
CRITICAL WARNING: [Common 17-55] 'set_property' expects at least one object. [C:/Users/tyler/Desktop/Baylor/Spring/Spring 2020/Digital Logic/Lab/Lab09/led.xdc:23]
Resolution: If [get_<value>] was used to populate the object, check to make sure this command returns at least one valid object.
WARNING: [Vivado 12-584] No ports matched 'led[11]'. [C:/Users/tyler/Desktop/Baylor/Spring/Spring 2020/Digital Logic/Lab/Lab09/led.xdc:24]
CRITICAL WARNING: [Common 17-55] 'set_property' expects at least one object. [C:/Users/tyler/Desktop/Baylor/Spring/Spring 2020/Digital Logic/Lab/Lab09/led.xdc:24]
Resolution: If [get_<value>] was used to populate the object, check to make sure this command returns at least one valid object.
WARNING: [Vivado 12-584] No ports matched 'led[11]'. [C:/Users/tyler/Desktop/Baylor/Spring/Spring 2020/Digital Logic/Lab/Lab09/led.xdc:25]
CRITICAL WARNING: [Common 17-55] 'set_property' expects at least one object. [C:/Users/tyler/Desktop/Baylor/Spring/Spring 2020/Digital Logic/Lab/Lab09/led.xdc:25]
Resolution: If [get_<value>] was used to populate the object, check to make sure this command returns at least one valid object.
WARNING: [Vivado 12-584] No ports matched 'led[12]'. [C:/Users/tyler/Desktop/Baylor/Spring/Spring 2020/Digital Logic/Lab/Lab09/led.xdc:26]
CRITICAL WARNING: [Common 17-55] 'set_property' expects at least one object. [C:/Users/tyler/Desktop/Baylor/Spring/Spring 2020/Digital Logic/Lab/Lab09/led.xdc:26]
Resolution: If [get_<value>] was used to populate the object, check to make sure this command returns at least one valid object.
WARNING: [Vivado 12-584] No ports matched 'led[12]'. [C:/Users/tyler/Desktop/Baylor/Spring/Spring 2020/Digital Logic/Lab/Lab09/led.xdc:27]
CRITICAL WARNING: [Common 17-55] 'set_property' expects at least one object. [C:/Users/tyler/Desktop/Baylor/Spring/Spring 2020/Digital Logic/Lab/Lab09/led.xdc:27]
Resolution: If [get_<value>] was used to populate the object, check to make sure this command returns at least one valid object.
WARNING: [Vivado 12-584] No ports matched 'led[13]'. [C:/Users/tyler/Desktop/Baylor/Spring/Spring 2020/Digital Logic/Lab/Lab09/led.xdc:28]
CRITICAL WARNING: [Common 17-55] 'set_property' expects at least one object. [C:/Users/tyler/Desktop/Baylor/Spring/Spring 2020/Digital Logic/Lab/Lab09/led.xdc:28]
Resolution: If [get_<value>] was used to populate the object, check to make sure this command returns at least one valid object.
WARNING: [Vivado 12-584] No ports matched 'led[13]'. [C:/Users/tyler/Desktop/Baylor/Spring/Spring 2020/Digital Logic/Lab/Lab09/led.xdc:29]
CRITICAL WARNING: [Common 17-55] 'set_property' expects at least one object. [C:/Users/tyler/Desktop/Baylor/Spring/Spring 2020/Digital Logic/Lab/Lab09/led.xdc:29]
Resolution: If [get_<value>] was used to populate the object, check to make sure this command returns at least one valid object.
WARNING: [Vivado 12-584] No ports matched 'led[14]'. [C:/Users/tyler/Desktop/Baylor/Spring/Spring 2020/Digital Logic/Lab/Lab09/led.xdc:30]
CRITICAL WARNING: [Common 17-55] 'set_property' expects at least one object. [C:/Users/tyler/Desktop/Baylor/Spring/Spring 2020/Digital Logic/Lab/Lab09/led.xdc:30]
Resolution: If [get_<value>] was used to populate the object, check to make sure this command returns at least one valid object.
WARNING: [Vivado 12-584] No ports matched 'led[14]'. [C:/Users/tyler/Desktop/Baylor/Spring/Spring 2020/Digital Logic/Lab/Lab09/led.xdc:31]
CRITICAL WARNING: [Common 17-55] 'set_property' expects at least one object. [C:/Users/tyler/Desktop/Baylor/Spring/Spring 2020/Digital Logic/Lab/Lab09/led.xdc:31]
Resolution: If [get_<value>] was used to populate the object, check to make sure this command returns at least one valid object.
WARNING: [Vivado 12-584] No ports matched 'led[15]'. [C:/Users/tyler/Desktop/Baylor/Spring/Spring 2020/Digital Logic/Lab/Lab09/led.xdc:32]
CRITICAL WARNING: [Common 17-55] 'set_property' expects at least one object. [C:/Users/tyler/Desktop/Baylor/Spring/Spring 2020/Digital Logic/Lab/Lab09/led.xdc:32]
Resolution: If [get_<value>] was used to populate the object, check to make sure this command returns at least one valid object.
WARNING: [Vivado 12-584] No ports matched 'led[15]'. [C:/Users/tyler/Desktop/Baylor/Spring/Spring 2020/Digital Logic/Lab/Lab09/led.xdc:33]
CRITICAL WARNING: [Common 17-55] 'set_property' expects at least one object. [C:/Users/tyler/Desktop/Baylor/Spring/Spring 2020/Digital Logic/Lab/Lab09/led.xdc:33]
Resolution: If [get_<value>] was used to populate the object, check to make sure this command returns at least one valid object.
Finished Parsing XDC File [C:/Users/tyler/Desktop/Baylor/Spring/Spring 2020/Digital Logic/Lab/Lab09/led.xdc]
Netlist sorting complete. Time (s): cpu = 00:00:00 ; elapsed = 00:00:00 . Memory (MB): peak = 752.816 ; gain = 0.000
Completed Processing XDC Constraints

Netlist sorting complete. Time (s): cpu = 00:00:00 ; elapsed = 00:00:00 . Memory (MB): peak = 752.816 ; gain = 0.000
INFO: [Project 1-111] Unisim Transformation Summary:
No Unisim elements were transformed.

Netlist sorting complete. Time (s): cpu = 00:00:00 ; elapsed = 00:00:00 . Memory (MB): peak = 752.816 ; gain = 0.000
Constraint Validation Runtime : Time (s): cpu = 00:00:00 ; elapsed = 00:00:00.008 . Memory (MB): peak = 752.816 ; gain = 0.000
---------------------------------------------------------------------------------
Finished Constraint Validation : Time (s): cpu = 00:00:10 ; elapsed = 00:00:11 . Memory (MB): peak = 752.816 ; gain = 467.355
---------------------------------------------------------------------------------
---------------------------------------------------------------------------------
Start Loading Part and Timing Information
---------------------------------------------------------------------------------
Loading part: xc7a35tcpg236-1
---------------------------------------------------------------------------------
Finished Loading Part and Timing Information : Time (s): cpu = 00:00:10 ; elapsed = 00:00:11 . Memory (MB): peak = 752.816 ; gain = 467.355
---------------------------------------------------------------------------------
---------------------------------------------------------------------------------
Start Applying 'set_property' XDC Constraints
---------------------------------------------------------------------------------
---------------------------------------------------------------------------------
Finished applying 'set_property' XDC Constraints : Time (s): cpu = 00:00:10 ; elapsed = 00:00:11 . Memory (MB): peak = 752.816 ; gain = 467.355
---------------------------------------------------------------------------------
INFO: [Synth 8-5818] HDL ADVISOR - The operator resource <adder> is shared. To prevent sharing consider applying a KEEP on the output of the operator [C:/Users/tyler/Desktop/Baylor/Spring/Spring 2020/Digital Logic/Lab/Lab09/Lab09_project/Lab09_project.srcs/sources_1/new/alu.sv:18]
---------------------------------------------------------------------------------
Finished RTL Optimization Phase 2 : Time (s): cpu = 00:00:10 ; elapsed = 00:00:12 . Memory (MB): peak = 752.816 ; gain = 467.355
---------------------------------------------------------------------------------

Report RTL Partitions: 
+-+--------------+------------+----------+
| |RTL Partition |Replication |Instances |
+-+--------------+------------+----------+
+-+--------------+------------+----------+
---------------------------------------------------------------------------------
Start RTL Component Statistics 
---------------------------------------------------------------------------------
Detailed RTL Component Info : 
+---Adders : 
	   3 Input      8 Bit       Adders := 1     
+---XORs : 
	   2 Input      8 Bit         XORs := 1     
+---Registers : 
	                8 Bit    Registers := 2     
+---Muxes : 
	   2 Input      8 Bit        Muxes := 2     
	   6 Input      8 Bit        Muxes := 1     
---------------------------------------------------------------------------------
Finished RTL Component Statistics 
---------------------------------------------------------------------------------
---------------------------------------------------------------------------------
Start RTL Hierarchical Component Statistics 
---------------------------------------------------------------------------------
Hierarchical RTL Component report 
Module register 
Detailed RTL Component Info : 
+---Registers : 
	                8 Bit    Registers := 1     
Module alu 
Detailed RTL Component Info : 
+---Adders : 
	   3 Input      8 Bit       Adders := 1     
+---XORs : 
	   2 Input      8 Bit         XORs := 1     
+---Muxes : 
	   2 Input      8 Bit        Muxes := 2     
	   6 Input      8 Bit        Muxes := 1     
---------------------------------------------------------------------------------
Finished RTL Hierarchical Component Statistics
---------------------------------------------------------------------------------
---------------------------------------------------------------------------------
Start Part Resource Summary
---------------------------------------------------------------------------------
Part Resources:
DSPs: 90 (col length:60)
BRAMs: 100 (col length: RAMB18 60 RAMB36 30)
---------------------------------------------------------------------------------
Finished Part Resource Summary
---------------------------------------------------------------------------------
---------------------------------------------------------------------------------
Start Cross Boundary and Area Optimization
---------------------------------------------------------------------------------
Warning: Parallel synthesis criteria is not met 
WARNING: [Synth 8-3331] design top_lab9 has unconnected port sw[15]
WARNING: [Synth 8-3331] design top_lab9 has unconnected port sw[14]
WARNING: [Synth 8-3331] design top_lab9 has unconnected port sw[13]
WARNING: [Synth 8-3331] design top_lab9 has unconnected port sw[12]
---------------------------------------------------------------------------------
Finished Cross Boundary and Area Optimization : Time (s): cpu = 00:00:11 ; elapsed = 00:00:12 . Memory (MB): peak = 752.816 ; gain = 467.355
---------------------------------------------------------------------------------

Report RTL Partitions: 
+-+--------------+------------+----------+
| |RTL Partition |Replication |Instances |
+-+--------------+------------+----------+
+-+--------------+------------+----------+
---------------------------------------------------------------------------------
Start Applying XDC Timing Constraints
---------------------------------------------------------------------------------
---------------------------------------------------------------------------------
Finished Applying XDC Timing Constraints : Time (s): cpu = 00:00:17 ; elapsed = 00:00:19 . Memory (MB): peak = 763.602 ; gain = 478.141
---------------------------------------------------------------------------------
---------------------------------------------------------------------------------
Start Timing Optimization
---------------------------------------------------------------------------------
---------------------------------------------------------------------------------
Finished Timing Optimization : Time (s): cpu = 00:00:17 ; elapsed = 00:00:19 . Memory (MB): peak = 783.965 ; gain = 498.504
---------------------------------------------------------------------------------

Report RTL Partitions: 
+-+--------------+------------+----------+
| |RTL Partition |Replication |Instances |
+-+--------------+------------+----------+
+-+--------------+------------+----------+
---------------------------------------------------------------------------------
Start Technology Mapping
---------------------------------------------------------------------------------
---------------------------------------------------------------------------------
Finished Technology Mapping : Time (s): cpu = 00:00:17 ; elapsed = 00:00:19 . Memory (MB): peak = 783.965 ; gain = 498.504
---------------------------------------------------------------------------------

Report RTL Partitions: 
+-+--------------+------------+----------+
| |RTL Partition |Replication |Instances |
+-+--------------+------------+----------+
+-+--------------+------------+----------+
---------------------------------------------------------------------------------
Start IO Insertion
---------------------------------------------------------------------------------
---------------------------------------------------------------------------------
Start Flattening Before IO Insertion
---------------------------------------------------------------------------------
---------------------------------------------------------------------------------
Finished Flattening Before IO Insertion
---------------------------------------------------------------------------------
---------------------------------------------------------------------------------
Start Final Netlist Cleanup
---------------------------------------------------------------------------------
---------------------------------------------------------------------------------
Finished Final Netlist Cleanup
---------------------------------------------------------------------------------
---------------------------------------------------------------------------------
Finished IO Insertion : Time (s): cpu = 00:00:18 ; elapsed = 00:00:20 . Memory (MB): peak = 783.965 ; gain = 498.504
---------------------------------------------------------------------------------

Report Check Netlist: 
+------+------------------+-------+---------+-------+------------------+
|      |Item              |Errors |Warnings |Status |Description       |
+------+------------------+-------+---------+-------+------------------+
|1     |multi_driven_nets |      0|        0|Passed |Multi driven nets |
+------+------------------+-------+---------+-------+------------------+
---------------------------------------------------------------------------------
Start Renaming Generated Instances
---------------------------------------------------------------------------------
---------------------------------------------------------------------------------
Finished Renaming Generated Instances : Time (s): cpu = 00:00:18 ; elapsed = 00:00:20 . Memory (MB): peak = 783.965 ; gain = 498.504
---------------------------------------------------------------------------------

Report RTL Partitions: 
+-+--------------+------------+----------+
| |RTL Partition |Replication |Instances |
+-+--------------+------------+----------+
+-+--------------+------------+----------+
---------------------------------------------------------------------------------
Start Rebuilding User Hierarchy
---------------------------------------------------------------------------------
---------------------------------------------------------------------------------
Finished Rebuilding User Hierarchy : Time (s): cpu = 00:00:18 ; elapsed = 00:00:20 . Memory (MB): peak = 783.965 ; gain = 498.504
---------------------------------------------------------------------------------
---------------------------------------------------------------------------------
Start Renaming Generated Ports
---------------------------------------------------------------------------------
---------------------------------------------------------------------------------
Finished Renaming Generated Ports : Time (s): cpu = 00:00:18 ; elapsed = 00:00:20 . Memory (MB): peak = 783.965 ; gain = 498.504
---------------------------------------------------------------------------------
---------------------------------------------------------------------------------
Start Handling Custom Attributes
---------------------------------------------------------------------------------
---------------------------------------------------------------------------------
Finished Handling Custom Attributes : Time (s): cpu = 00:00:18 ; elapsed = 00:00:20 . Memory (MB): peak = 783.965 ; gain = 498.504
---------------------------------------------------------------------------------
---------------------------------------------------------------------------------
Start Renaming Generated Nets
---------------------------------------------------------------------------------
---------------------------------------------------------------------------------
Finished Renaming Generated Nets : Time (s): cpu = 00:00:18 ; elapsed = 00:00:20 . Memory (MB): peak = 783.965 ; gain = 498.504
---------------------------------------------------------------------------------
---------------------------------------------------------------------------------
Start Writing Synthesis Report
---------------------------------------------------------------------------------

Report BlackBoxes: 
+-+--------------+----------+
| |BlackBox name |Instances |
+-+--------------+----------+
+-+--------------+----------+

Report Cell Usage: 
+------+-------+------+
|      |Cell   |Count |
+------+-------+------+
|1     |BUFG   |     1|
|2     |CARRY4 |     2|
|3     |LUT1   |     1|
|4     |LUT3   |    15|
|5     |LUT6   |     8|
|6     |FDCE   |    16|
|7     |IBUF   |    16|
|8     |OBUF   |    16|
+------+-------+------+

Report Instance Areas: 
+------+---------+-----------+------+
|      |Instance |Module     |Cells |
+------+---------+-----------+------+
|1     |top      |           |    75|
|2     |  alu1   |alu        |     2|
|3     |  r1     |register   |    32|
|4     |  r2     |register_0 |     8|
+------+---------+-----------+------+
---------------------------------------------------------------------------------
Finished Writing Synthesis Report : Time (s): cpu = 00:00:18 ; elapsed = 00:00:20 . Memory (MB): peak = 783.965 ; gain = 498.504
---------------------------------------------------------------------------------
Synthesis finished with 0 errors, 0 critical warnings and 4 warnings.
Synthesis Optimization Runtime : Time (s): cpu = 00:00:10 ; elapsed = 00:00:15 . Memory (MB): peak = 783.965 ; gain = 176.266
Synthesis Optimization Complete : Time (s): cpu = 00:00:18 ; elapsed = 00:00:20 . Memory (MB): peak = 783.965 ; gain = 498.504
INFO: [Project 1-571] Translating synthesized netlist
INFO: [Netlist 29-17] Analyzing 2 Unisim elements for replacement
INFO: [Netlist 29-28] Unisim Transformation completed in 0 CPU seconds
INFO: [Project 1-570] Preparing netlist for logic optimization
INFO: [Opt 31-138] Pushed 0 inverter(s) to 0 load pin(s).
Netlist sorting complete. Time (s): cpu = 00:00:00 ; elapsed = 00:00:00 . Memory (MB): peak = 784.012 ; gain = 0.000
INFO: [Project 1-111] Unisim Transformation Summary:
No Unisim elements were transformed.

INFO: [Common 17-83] Releasing license: Synthesis
23 Infos, 69 Warnings, 56 Critical Warnings and 0 Errors encountered.
synth_design completed successfully
synth_design: Time (s): cpu = 00:00:20 ; elapsed = 00:00:23 . Memory (MB): peak = 784.012 ; gain = 510.160
Netlist sorting complete. Time (s): cpu = 00:00:00 ; elapsed = 00:00:00 . Memory (MB): peak = 784.012 ; gain = 0.000
WARNING: [Constraints 18-5210] No constraints selected for write.
Resolution: This message can indicate that there are no constraints for the design, or it can indicate that the used_in flags are set such that the constraints are ignored. This later case is used when running synth_design to not write synthesis constraints to the resulting checkpoint. Instead, project constraints are read when the synthesized design is opened.
INFO: [Common 17-1381] The checkpoint 'C:/Users/tyler/Desktop/Baylor/Spring/Spring 2020/Digital Logic/Lab/Lab09/Lab09_project/Lab09_project.runs/synth_1/top_lab9.dcp' has been generated.
INFO: [runtcl-4] Executing : report_utilization -file top_lab9_utilization_synth.rpt -pb top_lab9_utilization_synth.pb
INFO: [Common 17-206] Exiting Vivado at Tue Mar 31 20:00:54 2020...
